# JRE version: OpenJDK Runtime Environment AdoptOpenJDK (11.0.9+11) (build 11.0.9+11)
# Java VM: OpenJDK 64-Bit Server VM AdoptOpenJDK (11.0.9+11, mixed mode, tiered, compressed oops, g1 gc, windows-amd64)
Heap:
 garbage-first heap   total 262144K, used 66530K [0x00000000e0000000, 0x0000000100000000)
  region size 1024K, 51 young (52224K), 13 survivors (13312K)
 Metaspace       used 52287K, capacity 53516K, committed 53680K, reserved 301056K
  class space    used 6901K, capacity 7336K, committed 7424K, reserved 253952K
GC Heap History (10 events):
Event: 0.970 GC heap before
{Heap before GC invocations=0 (full 0):
 garbage-first heap   total 262144K, used 29696K [0x00000000e0000000, 0x0000000100000000)
  region size 1024K, 24 young (24576K), 0 survivors (0K)
 Metaspace       used 10395K, capacity 10637K, committed 11008K, reserved 264192K
  class space    used 1096K, capacity 1163K, committed 1280K, reserved 253952K
}
Event: 0.977 GC heap after
{Heap after GC invocations=1 (full 0):
 garbage-first heap   total 262144K, used 9116K [0x00000000e0000000, 0x0000000100000000)
  region size 1024K, 3 young (3072K), 3 survivors (3072K)
 Metaspace       used 10395K, capacity 10637K, committed 11008K, reserved 264192K
  class space    used 1096K, capacity 1163K, committed 1280K, reserved 253952K
}
Event: 2.946 GC heap before
{Heap before GC invocations=1 (full 0):
 garbage-first heap   total 262144K, used 93084K [0x00000000e0000000, 0x0000000100000000)
  region size 1024K, 87 young (89088K), 3 survivors (3072K)
 Metaspace       used 20834K, capacity 21215K, committed 21296K, reserved 274432K
  class space    used 2522K, capacity 2657K, committed 2688K, reserved 253952K
}
Event: 2.960 GC heap after
{Heap after GC invocations=2 (full 0):
 garbage-first heap   total 262144K, used 16327K [0x00000000e0000000, 0x0000000100000000)
  region size 1024K, 11 young (11264K), 11 survivors (11264K)
 Metaspace       used 20834K, capacity 21215K, committed 21296K, reserved 274432K
  class space    used 2522K, capacity 2657K, committed 2688K, reserved 253952K
}
Event: 3.621 GC heap before
{Heap before GC invocations=3 (full 0):
 garbage-first heap   total 262144K, used 46023K [0x00000000e0000000, 0x0000000100000000)
  region size 1024K, 40 young (40960K), 11 survivors (11264K)
 Metaspace       used 25134K, capacity 25651K, committed 25904K, reserved 276480K
  class space    used 3189K, capacity 3374K, committed 3456K, reserved 253952K
}
Event: 3.629 GC heap after
{Heap after GC invocations=4 (full 0):
 garbage-first heap   total 262144K, used 17565K [0x00000000e0000000, 0x0000000100000000)
  region size 1024K, 2 young (2048K), 2 survivors (2048K)
 Metaspace       used 25134K, capacity 25651K, committed 25904K, reserved 276480K
  class space    used 3189K, capacity 3374K, committed 3456K, reserved 253952K
}
Event: 4.952 GC heap before
{Heap before GC invocations=4 (full 0):
 garbage-first heap   total 262144K, used 76957K [0x00000000e0000000, 0x0000000100000000)
  region size 1024K, 59 young (60416K), 2 survivors (2048K)
 Metaspace       used 35102K, capacity 35756K, committed 35888K, reserved 286720K
  class space    used 4363K, capacity 4609K, committed 4736K, reserved 253952K
}
Event: 4.972 GC heap after
{Heap after GC invocations=5 (full 0):
 garbage-first heap   total 262144K, used 21434K [0x00000000e0000000, 0x0000000100000000)
  region size 1024K, 6 young (6144K), 6 survivors (6144K)
 Metaspace       used 35102K, capacity 35756K, committed 35888K, reserved 286720K
  class space    used 4363K, capacity 4609K, committed 4736K, reserved 253952K
}
Event: 6.732 GC heap before
{Heap before GC invocations=6 (full 0):
 garbage-first heap   total 262144K, used 121786K [0x00000000e0000000, 0x0000000100000000)
  region size 1024K, 104 young (106496K), 6 survivors (6144K)
 Metaspace       used 42100K, capacity 43090K, committed 43184K, reserved 292864K
  class space    used 5483K, capacity 5804K, committed 5888K, reserved 253952K
}
Event: 6.744 GC heap after
{Heap after GC invocations=7 (full 0):
 garbage-first heap   total 262144K, used 28642K [0x00000000e0000000, 0x0000000100000000)
  region size 1024K, 13 young (13312K), 13 survivors (13312K)
 Metaspace       used 42100K, capacity 43090K, committed 43184K, reserved 292864K
  class space    used 5483K, capacity 5804K, committed 5888K, reserved 253952K
}

